<?xml version="1.0" encoding="UTF-8"?>
<coverage generated="1546312583056" clover="3.2.0">
  <project timestamp="1546312583056" name="All files">
    <metrics statements="5" coveredstatements="5" conditionals="2" coveredconditionals="2" methods="4" coveredmethods="4" elements="11" coveredelements="11" complexity="0" loc="5" ncloc="5" packages="2" files="2" classes="2">
      <package name="jest-learn">
        <metrics statements="2" coveredstatements="2" conditionals="0" coveredconditionals="0" methods="1" coveredmethods="1"/>
        <file name="sum.js" path="/Users/bingxiongyi/bear-project/learn/jest-learn/sum.js">
          <metrics statements="2" coveredstatements="2" conditionals="0" coveredconditionals="0" methods="1" coveredmethods="1"/>
          <line num="2" count="1" type="stmt"/>
          <line num="4" count="1" type="stmt"/>
        </file>
      </package>
      <package name="jest-learn.src">
        <metrics statements="3" coveredstatements="3" conditionals="2" coveredconditionals="2" methods="3" coveredmethods="3"/>
        <file name="MyComponent.js" path="/Users/bingxiongyi/bear-project/learn/jest-learn/src/MyComponent.js">
          <metrics statements="3" coveredstatements="3" conditionals="2" coveredconditionals="2" methods="3" coveredmethods="3"/>
          <line num="5" count="10" type="stmt"/>
          <line num="9" count="8" type="stmt"/>
          <line num="12" count="11" type="stmt"/>
        </file>
      </package>
    </metrics>
  </project>
</coverage>
